Ignoring PCI device with non-16bit domain.
Pass --enable-32bits-pci-domain to configure to support such devices
(warning: it would break the library ABI, don't enable unless really needed).
share_dir /home/magnetite/vld/hert5155/applications/testing-framework/scripts/../share
share_dir /home/magnetite/vld/hert5155/applications/testing-framework/scripts/../share
../model-dir_u16-test-RSS-properties.json already exists and is not empty, not rerunning test
Ignoring PCI device with non-16bit domain.
Pass --enable-32bits-pci-domain to configure to support such devices
(warning: it would break the library ABI, don't enable unless really needed).
share_dir /home/magnetite/vld/hert5155/applications/testing-framework/scripts/../share
share_dir /home/magnetite/vld/hert5155/applications/testing-framework/scripts/../share
../model-dir_u16-test-RSS-properties.json already exists and is not empty, not rerunning test
share_dir /home/magnetite/vld/hert5155/applications/testing-framework/scripts/../share
../model-dir_u16-test-RSS-properties.json already exists and is not empty, not rerunning test
Ignoring PCI device with non-16bit domain.
Pass --enable-32bits-pci-domain to configure to support such devices
(warning: it would break the library ABI, don't enable unless really needed).
Ignoring PCI device with non-16bit domain.
Pass --enable-32bits-pci-domain to configure to support such devices
(warning: it would break the library ABI, don't enable unless really needed).
Ignoring PCI device with non-16bit domain.
Pass --enable-32bits-pci-domain to configure to support such devices
(warning: it would break the library ABI, don't enable unless really needed).
Ignoring PCI device with non-16bit domain.
Pass --enable-32bits-pci-domain to configure to support such devices
(warning: it would break the library ABI, don't enable unless really needed).
share_dir /home/magnetite/vld/hert5155/applications/testing-framework/scripts/../share
share_dir /home/magnetite/vld/hert5155/applications/testing-framework/scripts/../share
share_dir /home/magnetite/vld/hert5155/applications/testing-framework/scripts/../share
share_dir /home/magnetite/vld/hert5155/applications/testing-framework/scripts/../share
Ignoring PCI device with non-16bit domain.
Pass --enable-32bits-pci-domain to configure to support such devices
(warning: it would break the library ABI, don't enable unless really needed).
Ignoring PCI device with non-16bit domain.
Pass --enable-32bits-pci-domain to configure to support such devices
(warning: it would break the library ABI, don't enable unless really needed).
Ignoring PCI device with non-16bit domain.
Pass --enable-32bits-pci-domain to configure to support such devices
(warning: it would break the library ABI, don't enable unless really needed).
share_dir /home/magnetite/vld/hert5155/applications/testing-framework/scripts/../share
Ignoring PCI device with non-16bit domain.
Pass --enable-32bits-pci-domain to configure to support such devices
(warning: it would break the library ABI, don't enable unless really needed).
share_dir /home/magnetite/vld/hert5155/applications/testing-framework/scripts/../share
share_dir /home/magnetite/vld/hert5155/applications/testing-framework/scripts/../share
share_dir /home/magnetite/vld/hert5155/applications/testing-framework/scripts/../share
WARNING: Potential_initialise using default init_args "Potential xml_label=GAP_2022_9_20_60_16_46_42_926"
WARNING: Potential_calc: cutoff of Atoms object (-1.0000000000000000) < Potential cutoff (20.000000000000000) - increasing it now
share_dir /home/magnetite/vld/hert5155/applications/testing-framework/scripts/../share
WARNING: Potential_initialise using default init_args "Potential xml_label=GAP_2022_9_20_60_20_34_44_271"
WARNING: Potential_calc: cutoff of Atoms object (-1.0000000000000000) < Potential cutoff (20.000000000000000) - increasing it now
share_dir /home/magnetite/vld/hert5155/applications/testing-framework/scripts/../share
WARNING: Potential_initialise using default init_args "Potential xml_label=GAP_2022_9_20_60_14_48_25_553"
WARNING: Potential_calc: cutoff of Atoms object (-1.0000000000000000) < Potential cutoff (20.000000000000000) - increasing it now
share_dir /home/magnetite/vld/hert5155/applications/testing-framework/scripts/../share
WARNING: Potential_initialise using default init_args "Potential xml_label=GAP_2020_5_23_60_1_23_12_19"
WARNING: Potential_calc: cutoff of Atoms object (-1.0000000000000000) < Potential cutoff (20.000000000000000) - increasing it now
share_dir /home/magnetite/vld/hert5155/applications/testing-framework/scripts/../share
share_dir /home/magnetite/vld/hert5155/applications/testing-framework/scripts/../share
share_dir /home/magnetite/vld/hert5155/applications/testing-framework/scripts/../share
../model-GAP20-test-EFV_test_JDM-properties.json already exists and is not empty, not rerunning test
share_dir /home/magnetite/vld/hert5155/applications/testing-framework/scripts/../share
WARNING: Potential_initialise using default init_args "Potential xml_label=GAP_2020_5_23_60_1_23_12_19"
WARNING: Potential_calc: cutoff of Atoms object (-1.0000000000000000) < Potential cutoff (20.000000000000000) - increasing it now
share_dir /home/magnetite/vld/hert5155/applications/testing-framework/scripts/../share
WARNING: Potential_initialise using default init_args "Potential xml_label=GAP_2022_9_20_60_16_46_42_926"
WARNING: Potential_calc: cutoff of Atoms object (-1.0000000000000000) < Potential cutoff (20.000000000000000) - increasing it now
share_dir /home/magnetite/vld/hert5155/applications/testing-framework/scripts/../share
WARNING: Potential_initialise using default init_args "Potential xml_label=GAP_2022_9_20_60_20_34_44_271"
WARNING: Potential_calc: cutoff of Atoms object (-1.0000000000000000) < Potential cutoff (20.000000000000000) - increasing it now
share_dir /home/magnetite/vld/hert5155/applications/testing-framework/scripts/../share
WARNING: Potential_initialise using default init_args "Potential xml_label=GAP_2022_9_20_60_15_44_51_899"
WARNING: Potential_calc: cutoff of Atoms object (-1.0000000000000000) < Potential cutoff (20.000000000000000) - increasing it now
share_dir /home/magnetite/vld/hert5155/applications/testing-framework/scripts/../share
WARNING: Potential_initialise using default init_args "Potential xml_label=GAP_2022_9_20_60_14_48_25_553"
WARNING: Potential_calc: cutoff of Atoms object (-1.0000000000000000) < Potential cutoff (20.000000000000000) - increasing it now
